# JRE version: OpenJDK Runtime Environment (11.0.10) (build 11.0.10+0-b96-7249189)
# Java VM: OpenJDK 64-Bit Server VM (11.0.10+0-b96-7249189, mixed mode, tiered, compressed oops, g1 gc, windows-amd64)
Heap:
 garbage-first heap   total 442368K, used 102680K [0x00000000a0000000, 0x0000000100000000)
  region size 1024K, 7 young (7168K), 7 survivors (7168K)
 Metaspace       used 99732K, capacity 102121K, committed 102812K, reserved 1138688K
  class space    used 12491K, capacity 13356K, committed 13568K, reserved 1048576K
GC Heap History (20 events):
Event: 7299.294 GC heap after
{Heap after GC invocations=50 (full 0):
 garbage-first heap   total 221184K, used 102862K [0x00000000a0000000, 0x0000000100000000)
  region size 1024K, 8 young (8192K), 8 survivors (8192K)
 Metaspace       used 100051K, capacity 102659K, committed 102812K, reserved 1138688K
  class space    used 12578K, capacity 13518K, committed 13568K, reserved 1048576K
}
Event: 7299.424 GC heap before
{Heap before GC invocations=50 (full 0):
 garbage-first heap   total 221184K, used 181710K [0x00000000a0000000, 0x0000000100000000)
  region size 1024K, 87 young (89088K), 8 survivors (8192K)
 Metaspace       used 100053K, capacity 102659K, committed 102812K, reserved 1138688K
  class space    used 12578K, capacity 13518K, committed 13568K, reserved 1048576K
}
Event: 7299.430 GC heap after
{Heap after GC invocations=51 (full 0):
 garbage-first heap   total 221184K, used 102412K [0x00000000a0000000, 0x0000000100000000)
  region size 1024K, 7 young (7168K), 7 survivors (7168K)
 Metaspace       used 100053K, capacity 102659K, committed 102812K, reserved 1138688K
  class space    used 12578K, capacity 13518K, committed 13568K, reserved 1048576K
}
Event: 7299.616 GC heap before
{Heap before GC invocations=51 (full 0):
 garbage-first heap   total 221184K, used 184332K [0x00000000a0000000, 0x0000000100000000)
  region size 1024K, 86 young (88064K), 7 survivors (7168K)
 Metaspace       used 100057K, capacity 102659K, committed 102812K, reserved 1138688K
  class space    used 12578K, capacity 13518K, committed 13568K, reserved 1048576K
}
Event: 7299.629 GC heap after
{Heap after GC invocations=52 (full 0):
 garbage-first heap   total 221184K, used 106522K [0x00000000a0000000, 0x0000000100000000)
  region size 1024K, 7 young (7168K), 7 survivors (7168K)
 Metaspace       used 100057K, capacity 102659K, committed 102812K, reserved 1138688K
  class space    used 12578K, capacity 13518K, committed 13568K, reserved 1048576K
}
Event: 7299.737 GC heap before
{Heap before GC invocations=52 (full 0):
 garbage-first heap   total 221184K, used 181274K [0x00000000a0000000, 0x0000000100000000)
  region size 1024K, 82 young (83968K), 7 survivors (7168K)
 Metaspace       used 100071K, capacity 102659K, committed 102812K, reserved 1138688K
  class space    used 12579K, capacity 13518K, committed 13568K, reserved 1048576K
}
Event: 7299.782 GC heap after
{Heap after GC invocations=53 (full 0):
 garbage-first heap   total 221184K, used 106311K [0x00000000a0000000, 0x0000000100000000)
  region size 1024K, 6 young (6144K), 6 survivors (6144K)
 Metaspace       used 100071K, capacity 102659K, committed 102812K, reserved 1138688K
  class space    used 12579K, capacity 13518K, committed 13568K, reserved 1048576K
}
Event: 7299.971 GC heap before
{Heap before GC invocations=53 (full 0):
 garbage-first heap   total 221184K, used 181063K [0x00000000a0000000, 0x0000000100000000)
  region size 1024K, 80 young (81920K), 6 survivors (6144K)
 Metaspace       used 100076K, capacity 102659K, committed 102812K, reserved 1138688K
  class space    used 12579K, capacity 13518K, committed 13568K, reserved 1048576K
}
Event: 7299.980 GC heap after
{Heap after GC invocations=54 (full 0):
 garbage-first heap   total 221184K, used 107654K [0x00000000a0000000, 0x0000000100000000)
  region size 1024K, 7 young (7168K), 7 survivors (7168K)
 Metaspace       used 100076K, capacity 102659K, committed 102812K, reserved 1138688K
  class space    used 12579K, capacity 13518K, committed 13568K, reserved 1048576K
}
Event: 7300.269 GC heap before
{Heap before GC invocations=54 (full 0):
 garbage-first heap   total 221184K, used 181382K [0x00000000a0000000, 0x0000000100000000)
  region size 1024K, 80 young (81920K), 7 survivors (7168K)
 Metaspace       used 100077K, capacity 102659K, committed 102812K, reserved 1138688K
  class space    used 12579K, capacity 13518K, committed 13568K, reserved 1048576K
}
Event: 7300.284 GC heap after
{Heap after GC invocations=55 (full 0):
 garbage-first heap   total 221184K, used 108377K [0x00000000a0000000, 0x0000000100000000)
  region size 1024K, 7 young (7168K), 7 survivors (7168K)
 Metaspace       used 100077K, capacity 102659K, committed 102812K, reserved 1138688K
  class space    used 12579K, capacity 13518K, committed 13568K, reserved 1048576K
}
Event: 7300.866 GC heap before
{Heap before GC invocations=55 (full 0):
 garbage-first heap   total 221184K, used 181081K [0x00000000a0000000, 0x0000000100000000)
  region size 1024K, 79 young (80896K), 7 survivors (7168K)
 Metaspace       used 99731K, capacity 102121K, committed 102812K, reserved 1138688K
  class space    used 12491K, capacity 13356K, committed 13568K, reserved 1048576K
}
Event: 7300.886 GC heap after
{Heap after GC invocations=56 (full 0):
 garbage-first heap   total 221184K, used 109326K [0x00000000a0000000, 0x0000000100000000)
  region size 1024K, 7 young (7168K), 7 survivors (7168K)
 Metaspace       used 99731K, capacity 102121K, committed 102812K, reserved 1138688K
  class space    used 12491K, capacity 13356K, committed 13568K, reserved 1048576K
}
Event: 7301.096 GC heap before
{Heap before GC invocations=57 (full 0):
 garbage-first heap   total 221184K, used 182030K [0x00000000a0000000, 0x0000000100000000)
  region size 1024K, 80 young (81920K), 7 survivors (7168K)
 Metaspace       used 99731K, capacity 102121K, committed 102812K, reserved 1138688K
  class space    used 12491K, capacity 13356K, committed 13568K, reserved 1048576K
}
Event: 7301.103 GC heap after
{Heap after GC invocations=58 (full 0):
 garbage-first heap   total 221184K, used 109733K [0x00000000a0000000, 0x0000000100000000)
  region size 1024K, 7 young (7168K), 7 survivors (7168K)
 Metaspace       used 99731K, capacity 102121K, committed 102812K, reserved 1138688K
  class space    used 12491K, capacity 13356K, committed 13568K, reserved 1048576K
}
Event: 7301.114 GC heap before
{Heap before GC invocations=58 (full 0):
 garbage-first heap   total 221184K, used 112805K [0x00000000a0000000, 0x0000000100000000)
  region size 1024K, 11 young (11264K), 7 survivors (7168K)
 Metaspace       used 99731K, capacity 102121K, committed 102812K, reserved 1138688K
  class space    used 12491K, capacity 13356K, committed 13568K, reserved 1048576K
}
Event: 7301.204 GC heap after
{Heap after GC invocations=59 (full 0):
 garbage-first heap   total 221184K, used 96002K [0x00000000a0000000, 0x0000000100000000)
  region size 1024K, 1 young (1024K), 1 survivors (1024K)
 Metaspace       used 99731K, capacity 102121K, committed 102812K, reserved 1138688K
  class space    used 12491K, capacity 13356K, committed 13568K, reserved 1048576K
}
Event: 7301.391 GC heap before
{Heap before GC invocations=59 (full 0):
 garbage-first heap   total 221184K, used 179970K [0x00000000a0000000, 0x0000000100000000)
  region size 1024K, 84 young (86016K), 1 survivors (1024K)
 Metaspace       used 99731K, capacity 102121K, committed 102812K, reserved 1138688K
  class space    used 12491K, capacity 13356K, committed 13568K, reserved 1048576K
}
Event: 7301.402 GC heap after
{Heap after GC invocations=60 (full 0):
 garbage-first heap   total 221184K, used 101826K [0x00000000a0000000, 0x0000000100000000)
  region size 1024K, 7 young (7168K), 7 survivors (7168K)
 Metaspace       used 99731K, capacity 102121K, committed 102812K, reserved 1138688K
  class space    used 12491K, capacity 13356K, committed 13568K, reserved 1048576K
}
Event: 7301.516 GC heap before
{Heap before GC invocations=60 (full 0):
 garbage-first heap   total 221184K, used 180674K [0x00000000a0000000, 0x0000000100000000)
  region size 1024K, 86 young (88064K), 7 survivors (7168K)
 Metaspace       used 99732K, capacity 102121K, committed 102812K, reserved 1138688K
  class space    used 12491K, capacity 13356K, committed 13568K, reserved 1048576K
}

